Compiling the C compiler identification source file "CMakeCCompilerId.c" failed.
Compiler: C:/Users/zhukeyu/.vscode/extensions/metalcode-eu.windows-arm-none-eabi-0.1.6/bin/arm-none-eabi-gcc.exe 
Build flags: 
Id flags:  

The output was:
1
c:/users/zhukeyu/.vscode/extensions/metalcode-eu.windows-arm-none-eabi-0.1.6/bin/../lib/gcc/arm-none-eabi/8.2.1/../../../../arm-none-eabi/bin/ld.exe: c:/users/zhukeyu/.vscode/extensions/metalcode-eu.windows-arm-none-eabi-0.1.6/bin/../lib/gcc/arm-none-eabi/8.2.1/../../../../arm-none-eabi/lib\libc.a(lib_a-exit.o): in function `exit':
exit.c:(.text.exit+0x2c): undefined reference to `_exit'
collect2.exe: error: ld returned 1 exit status


Compiling the CXX compiler identification source file "CMakeCXXCompilerId.cpp" failed.
Compiler: C:/Users/zhukeyu/.vscode/extensions/metalcode-eu.windows-arm-none-eabi-0.1.6/bin/arm-none-eabi-g++.exe 
Build flags: 
Id flags:  

The output was:
1
c:/users/zhukeyu/.vscode/extensions/metalcode-eu.windows-arm-none-eabi-0.1.6/bin/../lib/gcc/arm-none-eabi/8.2.1/../../../../arm-none-eabi/bin/ld.exe: c:/users/zhukeyu/.vscode/extensions/metalcode-eu.windows-arm-none-eabi-0.1.6/bin/../lib/gcc/arm-none-eabi/8.2.1/../../../../arm-none-eabi/lib\libc.a(lib_a-exit.o): in function `exit':
exit.c:(.text.exit+0x2c): undefined reference to `_exit'
collect2.exe: error: ld returned 1 exit status


Detecting C compiler ABI info failed to compile with the following output:
Change Dir: F:/Embedded/GRBL_for_STM32/2.Firmware/Clion_Proj/CMakeFiles/CMakeTmp

Run Build Command(s):nmake /nologo cmTC_108bb\fast && 系统找不到指定的文件。
Generator: execution of make failed. Make command was: nmake /nologo cmTC_108bb\fast && 



Detecting CXX compiler ABI info failed to compile with the following output:
Change Dir: F:/Embedded/GRBL_for_STM32/2.Firmware/Clion_Proj/CMakeFiles/CMakeTmp

Run Build Command(s):nmake /nologo cmTC_15d08\fast && 系统找不到指定的文件。
Generator: execution of make failed. Make command was: nmake /nologo cmTC_15d08\fast && 



